----------------------------------------
Exception Log Time : 09-06-2020 17:44:28
Controller Name : Category
Action Name : Edit
Exception Message : The view 'Edit' or its master was not found or no view engine supports the searched locations. The following locations were searched:
~/Views/Category/Edit.aspx
~/Views/Category/Edit.ascx
~/Views/Shared/Edit.aspx
~/Views/Shared/Edit.ascx
~/Views/Category/Edit.cshtml
~/Views/Category/Edit.vbhtml
~/Views/Shared/Edit.cshtml
~/Views/Shared/Edit.vbhtml
Stack Trace :    at System.Web.Mvc.ViewResult.FindView(ControllerContext context)
   at System.Web.Mvc.ViewResultBase.ExecuteResult(ControllerContext context)
   at System.Web.Mvc.ControllerActionInvoker.InvokeActionResult(ControllerContext controllerContext, ActionResult actionResult)
   at System.Web.Mvc.ControllerActionInvoker.InvokeActionResultFilterRecursive(IList`1 filters, Int32 filterIndex, ResultExecutingContext preContext, ControllerContext controllerContext, ActionResult actionResult)
   at System.Web.Mvc.ControllerActionInvoker.InvokeActionResultFilterRecursive(IList`1 filters, Int32 filterIndex, ResultExecutingContext preContext, ControllerContext controllerContext, ActionResult actionResult)
   at System.Web.Mvc.ControllerActionInvoker.InvokeActionResultWithFilters(ControllerContext controllerContext, IList`1 filters, ActionResult actionResult)
   at System.Web.Mvc.Async.AsyncControllerActionInvoker.<>c__DisplayClass3_6.<BeginInvokeAction>b__4()
   at System.Web.Mvc.Async.AsyncControllerActionInvoker.<>c__DisplayClass3_1.<BeginInvokeAction>b__1(IAsyncResult asyncResult)
----------------------------------------
----------------------------------------
Exception Log Time : 09-06-2020 17:45:43
Controller Name : Category
Action Name : Edit
Exception Message : The view 'Edit' or its master was not found or no view engine supports the searched locations. The following locations were searched:
~/Views/Category/Edit.aspx
~/Views/Category/Edit.ascx
~/Views/Shared/Edit.aspx
~/Views/Shared/Edit.ascx
~/Views/Category/Edit.cshtml
~/Views/Category/Edit.vbhtml
~/Views/Shared/Edit.cshtml
~/Views/Shared/Edit.vbhtml
Stack Trace :    at System.Web.Mvc.ViewResult.FindView(ControllerContext context)
   at System.Web.Mvc.ViewResultBase.ExecuteResult(ControllerContext context)
   at System.Web.Mvc.ControllerActionInvoker.InvokeActionResult(ControllerContext controllerContext, ActionResult actionResult)
   at System.Web.Mvc.ControllerActionInvoker.InvokeActionResultFilterRecursive(IList`1 filters, Int32 filterIndex, ResultExecutingContext preContext, ControllerContext controllerContext, ActionResult actionResult)
   at System.Web.Mvc.ControllerActionInvoker.InvokeActionResultFilterRecursive(IList`1 filters, Int32 filterIndex, ResultExecutingContext preContext, ControllerContext controllerContext, ActionResult actionResult)
   at System.Web.Mvc.ControllerActionInvoker.InvokeActionResultWithFilters(ControllerContext controllerContext, IList`1 filters, ActionResult actionResult)
   at System.Web.Mvc.Async.AsyncControllerActionInvoker.<>c__DisplayClass3_6.<BeginInvokeAction>b__4()
   at System.Web.Mvc.Async.AsyncControllerActionInvoker.<>c__DisplayClass3_1.<BeginInvokeAction>b__1(IAsyncResult asyncResult)
----------------------------------------
